<?xml version="1.0" encoding="UTF-8"?>
<!-- Generated by org.testng.reporters.JUnitReportReporter -->
<testsuite hostname="appinventiv-Latitude-3420" failures="0" tests="3" name="test_ng.LoginTest" time="41.022" errors="0" timestamp="2024-04-24T15:09:55 IST" skipped="0">
  <testcase classname="test_ng.LoginTest" name="unsuccessfulLoginTest" time="16.345"/>
  <system-out/>
  <testcase classname="test_ng.LoginTest" name="unsuccessfulLoginCase" time="12.364"/>
  <system-out/>
  <testcase classname="test_ng.LoginTest" name="successfulLoginTest" time="12.313"/>
  <system-out/>
</testsuite> <!-- test_ng.LoginTest -->
