<?xml version="1.0" encoding="UTF-8"?>
<!-- Generated by org.testng.reporters.JUnitReportReporter -->
<testsuite hostname="appinventiv-Latitude-3420" failures="0" tests="1" name="test_ng.NGTest" time="18.224" errors="0" timestamp="2024-04-15T12:08:47 IST" skipped="0">
  <testcase classname="test_ng.NGTest" name="testMethod" time="18.224"/>
  <system-out/>
</testsuite> <!-- test_ng.NGTest -->
