<?xml version="1.0" encoding="UTF-8"?>
<!-- Generated by org.testng.reporters.JUnitReportReporter -->
<testsuite hostname="appinventiv-Latitude-3420" failures="0" tests="3" name="test_ng.LoginTest" time="39.600" errors="0" timestamp="2024-04-30T16:05:42 IST" skipped="0">
  <testcase classname="test_ng.LoginTest" name="unsuccessfulLoginTest" time="14.896"/>
  <system-out/>
  <testcase classname="test_ng.LoginTest" name="unsuccessfulLoginCase" time="12.360"/>
  <system-out/>
  <testcase classname="test_ng.LoginTest" name="successfulLoginTest" time="12.344"/>
  <system-out/>
</testsuite> <!-- test_ng.LoginTest -->
